[INFO] Scanning for projects...
[INFO] 
[INFO] ---------------< com.balsam.oasis.common:query-registry >---------------
[INFO] Building query-registry 0.0.1
[INFO]   from pom.xml
[INFO] --------------------------------[ jar ]---------------------------------
[INFO] 
[INFO] >>> spring-boot:3.5.5:run (default-cli) > test-compile @ query-registry >>>
[INFO] 
[INFO] --- resources:3.3.1:resources (default-resources) @ query-registry ---
[INFO] Copying 2 resources from src/main/resources to target/classes
[INFO] Copying 0 resource from src/main/resources to target/classes
[INFO] 
[INFO] --- compiler:3.14.0:compile (default-compile) @ query-registry ---
[INFO] Nothing to compile - all classes are up to date.
[INFO] 
[INFO] --- resources:3.3.1:testResources (default-testResources) @ query-registry ---
[INFO] skip non existing resourceDirectory /srv/projects/query-register-system/src/test/resources
[INFO] 
[INFO] --- compiler:3.14.0:testCompile (default-testCompile) @ query-registry ---
[INFO] Nothing to compile - all classes are up to date.
[INFO] 
[INFO] <<< spring-boot:3.5.5:run (default-cli) < test-compile @ query-registry <<<
[INFO] 
[INFO] 
[INFO] --- spring-boot:3.5.5:run (default-cli) @ query-registry ---
[INFO] Attaching agents: []

  .   ____          _            __ _ _
 /\\ / ___'_ __ _ _(_)_ __  __ _ \ \ \ \
( ( )\___ | '_ | '_| | '_ \/ _` | \ \ \ \
 \\/  ___)| |_)| | | | | || (_| |  ) ) ) )
  '  |____| .__|_| |_|_| |_\__, | / / / /
 =========|_|==============|___/=/_/_/_/

[32m :: Spring Boot :: [39m              [2m (v3.5.5)[0;39m

[2m2025-09-11T21:21:25.838Z[0;39m [32m INFO[0;39m [35m2963871[0;39m [2m--- [query-registration-system] [  restartedMain] [0;39m[36mc.b.o.c.r.QueryRegistrationApplication  [0;39m [2m:[0;39m Starting QueryRegistrationApplication using Java 21.0.8 with PID 2963871 (/srv/projects/query-register-system/target/classes started by ubuntu in /srv/projects/query-register-system)
[2m2025-09-11T21:21:25.839Z[0;39m [32mDEBUG[0;39m [35m2963871[0;39m [2m--- [query-registration-system] [  restartedMain] [0;39m[36mc.b.o.c.r.QueryRegistrationApplication  [0;39m [2m:[0;39m Running with Spring Boot v3.5.5, Spring v6.2.10
[2m2025-09-11T21:21:25.839Z[0;39m [32m INFO[0;39m [35m2963871[0;39m [2m--- [query-registration-system] [  restartedMain] [0;39m[36mc.b.o.c.r.QueryRegistrationApplication  [0;39m [2m:[0;39m The following 1 profile is active: "dev"
[2m2025-09-11T21:21:25.856Z[0;39m [32m INFO[0;39m [35m2963871[0;39m [2m--- [query-registration-system] [  restartedMain] [0;39m[36mo.s.b.devtools.restart.ChangeableUrls   [0;39m [2m:[0;39m The Class-Path manifest attribute in /home/ubuntu/.m2/repository/com/oracle/database/jdbc/ojdbc8/23.7.0.25.01/ojdbc8-23.7.0.25.01.jar referenced one or more files that do not exist: file:/home/ubuntu/.m2/repository/com/oracle/database/jdbc/ojdbc8/23.7.0.25.01/oraclepki.jar
[2m2025-09-11T21:21:25.856Z[0;39m [32m INFO[0;39m [35m2963871[0;39m [2m--- [query-registration-system] [  restartedMain] [0;39m[36m.e.DevToolsPropertyDefaultsPostProcessor[0;39m [2m:[0;39m Devtools property defaults active! Set 'spring.devtools.add-properties' to 'false' to disable
[2m2025-09-11T21:21:25.856Z[0;39m [32m INFO[0;39m [35m2963871[0;39m [2m--- [query-registration-system] [  restartedMain] [0;39m[36m.e.DevToolsPropertyDefaultsPostProcessor[0;39m [2m:[0;39m For additional web related logging consider setting the 'logging.level.web' property to 'DEBUG'
[2m2025-09-11T21:21:26.366Z[0;39m [32m INFO[0;39m [35m2963871[0;39m [2m--- [query-registration-system] [  restartedMain] [0;39m[36mo.s.b.w.embedded.tomcat.TomcatWebServer [0;39m [2m:[0;39m Tomcat initialized with port 8080 (http)
[2m2025-09-11T21:21:26.372Z[0;39m [32m INFO[0;39m [35m2963871[0;39m [2m--- [query-registration-system] [  restartedMain] [0;39m[36mo.apache.catalina.core.StandardService  [0;39m [2m:[0;39m Starting service [Tomcat]
[2m2025-09-11T21:21:26.372Z[0;39m [32m INFO[0;39m [35m2963871[0;39m [2m--- [query-registration-system] [  restartedMain] [0;39m[36mo.apache.catalina.core.StandardEngine   [0;39m [2m:[0;39m Starting Servlet engine: [Apache Tomcat/10.1.44]
[2m2025-09-11T21:21:26.387Z[0;39m [32m INFO[0;39m [35m2963871[0;39m [2m--- [query-registration-system] [  restartedMain] [0;39m[36mo.a.c.c.C.[Tomcat].[localhost].[/]      [0;39m [2m:[0;39m Initializing Spring embedded WebApplicationContext
[2m2025-09-11T21:21:26.387Z[0;39m [32m INFO[0;39m [35m2963871[0;39m [2m--- [query-registration-system] [  restartedMain] [0;39m[36mw.s.c.ServletWebServerApplicationContext[0;39m [2m:[0;39m Root WebApplicationContext: initialization completed in 531 ms
[2m2025-09-11T21:21:26.510Z[0;39m [32m INFO[0;39m [35m2963871[0;39m [2m--- [query-registration-system] [  restartedMain] [0;39m[36mc.b.o.c.r.engine.query.QuerySqlBuilder  [0;39m [2m:[0;39m SqlBuilder initialized with database dialect: ORACLE_11G
[2m2025-09-11T21:21:26.538Z[0;39m [32m INFO[0;39m [35m2963871[0;39m [2m--- [query-registration-system] [  restartedMain] [0;39m[36mcom.zaxxer.hikari.HikariDataSource      [0;39m [2m:[0;39m TestPool - Starting...
[2m2025-09-11T21:21:26.716Z[0;39m [32m INFO[0;39m [35m2963871[0;39m [2m--- [query-registration-system] [  restartedMain] [0;39m[36mcom.zaxxer.hikari.pool.HikariPool       [0;39m [2m:[0;39m TestPool - Added connection oracle.jdbc.driver.T4CConnection@f3301a1
[2m2025-09-11T21:21:26.717Z[0;39m [32m INFO[0;39m [35m2963871[0;39m [2m--- [query-registration-system] [  restartedMain] [0;39m[36mcom.zaxxer.hikari.HikariDataSource      [0;39m [2m:[0;39m TestPool - Start completed.
[2m2025-09-11T21:21:26.758Z[0;39m [32m INFO[0;39m [35m2963871[0;39m [2m--- [query-registration-system] [  restartedMain] [0;39m[36mc.b.o.c.r.e.query.QueryRegistryImpl     [0;39m [2m:[0;39m Registered query 'dynamic': dynamic=true, columns=11, attributes=0, dynamic_attrs=11, has_params=true, cached=true
[2m2025-09-11T21:21:26.761Z[0;39m [32m INFO[0;39m [35m2963871[0;39m [2m--- [query-registration-system] [  restartedMain] [0;39m[36mc.b.o.c.r.e.query.QueryRegistryImpl     [0;39m [2m:[0;39m Registered query 'employees': dynamic=true, columns=16, attributes=9, dynamic_attrs=7, has_params=true, unused_params=[hiredAfterDays], cached=true
[2m2025-09-11T21:21:26.762Z[0;39m [32m INFO[0;39m [35m2963871[0;39m [2m--- [query-registration-system] [  restartedMain] [0;39m[36mc.b.o.c.r.e.query.QueryRegistryImpl     [0;39m [2m:[0;39m Registered query 'departmentStats': dynamic=false, columns=10, attributes=10, has_params=true, cached=true
[2m2025-09-11T21:21:26.983Z[0;39m [32m INFO[0;39m [35m2963871[0;39m [2m--- [query-registration-system] [  restartedMain] [0;39m[36mc.b.o.c.r.e.query.QueryRegistryImpl     [0;39m [2m:[0;39m Registered query 'testUnion': dynamic=false, columns=2, attributes=1, has_params=true, cached=true
[2m2025-09-11T21:21:26.990Z[0;39m [32m INFO[0;39m [35m2963871[0;39m [2m--- [query-registration-system] [  restartedMain] [0;39m[36mc.b.o.c.r.e.query.QueryRegistryImpl     [0;39m [2m:[0;39m Registered query 'employeesLov': dynamic=true, columns=15, attributes=2, dynamic_attrs=13, has_params=true, cached=true
[2m2025-09-11T21:21:26.991Z[0;39m [32m INFO[0;39m [35m2963871[0;39m [2m--- [query-registration-system] [  restartedMain] [0;39m[36mc.b.o.c.r.e.query.QueryRegistryImpl     [0;39m [2m:[0;39m Registered query 'departments': dynamic=false, columns=5, attributes=5, has_params=true, cached=true
[2m2025-09-11T21:21:26.992Z[0;39m [32m INFO[0;39m [35m2963871[0;39m [2m--- [query-registration-system] [  restartedMain] [0;39m[36mc.b.o.c.r.e.query.QueryRegistryImpl     [0;39m [2m:[0;39m Registered query 'jobs': dynamic=false, columns=4, attributes=4, cached=true
[2m2025-09-11T21:21:27.027Z[0;39m [32m INFO[0;39m [35m2963871[0;39m [2m--- [query-registration-system] [  restartedMain] [0;39m[36mc.b.o.c.r.e.query.QueryRegistryImpl     [0;39m [2m:[0;39m Registered query 'managers': dynamic=false, columns=4, attributes=4, has_params=true, cached=true
[2m2025-09-11T21:21:27.237Z[0;39m [33m WARN[0;39m [35m2963871[0;39m [2m--- [query-registration-system] [  restartedMain] [0;39m[36mo.s.b.d.a.OptionalLiveReloadServer      [0;39m [2m:[0;39m Unable to start LiveReload server
[2m2025-09-11T21:21:27.240Z[0;39m [32m INFO[0;39m [35m2963871[0;39m [2m--- [query-registration-system] [  restartedMain] [0;39m[36mo.s.b.a.e.web.EndpointLinksResolver     [0;39m [2m:[0;39m Exposing 1 endpoint beneath base path '/actuator'
[2m2025-09-11T21:21:27.265Z[0;39m [32m INFO[0;39m [35m2963871[0;39m [2m--- [query-registration-system] [  restartedMain] [0;39m[36mo.s.b.w.embedded.tomcat.TomcatWebServer [0;39m [2m:[0;39m Tomcat started on port 8080 (http) with context path '/'
[2m2025-09-11T21:21:27.272Z[0;39m [32m INFO[0;39m [35m2963871[0;39m [2m--- [query-registration-system] [  restartedMain] [0;39m[36mc.b.o.c.r.QueryRegistrationApplication  [0;39m [2m:[0;39m Started QueryRegistrationApplication in 1.585 seconds (process running for 1.727)
[2m2025-09-11T21:21:55.914Z[0;39m [32m INFO[0;39m [35m2963871[0;39m [2m--- [query-registration-system] [nio-8080-exec-1] [0;39m[36mo.a.c.c.C.[Tomcat].[localhost].[/]      [0;39m [2m:[0;39m Initializing Spring DispatcherServlet 'dispatcherServlet'
[2m2025-09-11T21:21:55.915Z[0;39m [32m INFO[0;39m [35m2963871[0;39m [2m--- [query-registration-system] [nio-8080-exec-1] [0;39m[36mo.s.web.servlet.DispatcherServlet       [0;39m [2m:[0;39m Initializing Servlet 'dispatcherServlet'
[2m2025-09-11T21:21:55.915Z[0;39m [32m INFO[0;39m [35m2963871[0;39m [2m--- [query-registration-system] [nio-8080-exec-1] [0;39m[36mo.s.web.servlet.DispatcherServlet       [0;39m [2m:[0;39m Completed initialization in 0 ms
[2m2025-09-11T21:21:55.931Z[0;39m [32m INFO[0;39m [35m2963871[0;39m [2m--- [query-registration-system] [nio-8080-exec-1] [0;39m[36mc.b.o.c.r.w.controller.QueryController  [0;39m [2m:[0;39m Executing query: employees with params: {_start=[0], _end=[5]}
[2m2025-09-11T21:21:55.931Z[0;39m [32m INFO[0;39m [35m2963871[0;39m [2m--- [query-registration-system] [nio-8080-exec-1] [0;39m[36mc.b.o.c.registry.service.QueryService   [0;39m [2m:[0;39m Executing query: employees with params: {}
@@@@@@@@@preProcessor@@@@@@@@
[2m2025-09-11T21:21:55.933Z[0;39m [32mDEBUG[0;39m [35m2963871[0;39m [2m--- [query-registration-system] [nio-8080-exec-1] [0;39m[36mc.b.o.c.r.e.query.QueryExecutorImpl     [0;39m [2m:[0;39m Executing query 'employees': SELECT * FROM (SELECT query_.*, ROWNUM rnum_ FROM (SELECT
    e.employee_id,
    e.first_name,
    e.last_name,
    e.email,
    e.phone_number,
    e.hire_date,
    e.job_id,
    j.job_title,
    e.salary,
    e.commission_pct,
    e.manager_id,
    m.first_name || ' ' || m.last_name as manager_name,
    e.department_id,
    d.department_name,
    l.city,
    l.country_id
FROM employees e
LEFT JOIN jobs j ON e.job_id = j.job_id
LEFT JOIN employees m ON e.manager_id = m.employee_id
LEFT JOIN departments d ON e.department_id = d.department_id
LEFT JOIN locations l ON d.location_id = l.location_id
WHERE 1=1







) query_ WHERE ROWNUM <= 5) WHERE rnum_ > 0
[2m2025-09-11T21:21:55.933Z[0;39m [32mDEBUG[0;39m [35m2963871[0;39m [2m--- [query-registration-system] [nio-8080-exec-1] [0;39m[36mc.b.o.c.r.e.query.QueryExecutorImpl     [0;39m [2m:[0;39m Parameters: {jobIds=null, employeeIds=null, hiredAfter=null, deptId=null, hiredAfterDays=null, departmentIds=null, minSalary=null}
[2m2025-09-11T21:21:55.933Z[0;39m [32mDEBUG[0;39m [35m2963871[0;39m [2m--- [query-registration-system] [nio-8080-exec-1] [0;39m[36mc.b.o.c.r.e.query.QueryExecutorImpl     [0;39m [2m:[0;39m Executing count query: SELECT COUNT(*) FROM (SELECT
    e.employee_id,
    e.first_name,
    e.last_name,
    e.email,
    e.phone_number,
    e.hire_date,
    e.job_id,
    j.job_title,
    e.salary,
    e.commission_pct,
    e.manager_id,
    m.first_name || ' ' || m.last_name as manager_name,
    e.department_id,
    d.department_name,
    l.city,
    l.country_id
FROM employees e
LEFT JOIN jobs j ON e.job_id = j.job_id
LEFT JOIN employees m ON e.manager_id = m.employee_id
LEFT JOIN departments d ON e.department_id = d.department_id
LEFT JOIN locations l ON d.location_id = l.location_id
WHERE 1=1







) count_query
[2m2025-09-11T21:21:55.943Z[0;39m [32mDEBUG[0;39m [35m2963871[0;39m [2m--- [query-registration-system] [nio-8080-exec-1] [0;39m[36mc.b.o.c.r.engine.query.BaseRowMapper    [0;39m [2m:[0;39m Skipping unselected field: internalDebugInfo
totalCompensation
[2m2025-09-11T21:21:55.943Z[0;39m [32mDEBUG[0;39m [35m2963871[0;39m [2m--- [query-registration-system] [nio-8080-exec-1] [0;39m[36mc.b.o.c.r.engine.query.BaseRowMapper    [0;39m [2m:[0;39m Skipping unselected field: internalDebugInfo
totalCompensation
[2m2025-09-11T21:21:55.943Z[0;39m [32mDEBUG[0;39m [35m2963871[0;39m [2m--- [query-registration-system] [nio-8080-exec-1] [0;39m[36mc.b.o.c.r.engine.query.BaseRowMapper    [0;39m [2m:[0;39m Skipping unselected field: internalDebugInfo
totalCompensation
[2m2025-09-11T21:21:55.943Z[0;39m [32mDEBUG[0;39m [35m2963871[0;39m [2m--- [query-registration-system] [nio-8080-exec-1] [0;39m[36mc.b.o.c.r.engine.query.BaseRowMapper    [0;39m [2m:[0;39m Skipping unselected field: internalDebugInfo
totalCompensation
[2m2025-09-11T21:21:55.943Z[0;39m [32mDEBUG[0;39m [35m2963871[0;39m [2m--- [query-registration-system] [nio-8080-exec-1] [0;39m[36mc.b.o.c.r.engine.query.BaseRowMapper    [0;39m [2m:[0;39m Skipping unselected field: internalDebugInfo
totalCompensation
@@@@@@@@@rowProcessor@@@@@@@@
@@@@@@@@@rowProcessor@@@@@@@@
@@@@@@@@@rowProcessor@@@@@@@@
@@@@@@@@@rowProcessor@@@@@@@@
@@@@@@@@@rowProcessor@@@@@@@@
@@@@@@@@@postProcessor@@@@@@@@
[2m2025-09-11T21:22:11.239Z[0;39m [32m INFO[0;39m [35m2963871[0;39m [2m--- [query-registration-system] [nio-8080-exec-2] [0;39m[36mc.b.o.c.r.w.controller.QueryController  [0;39m [2m:[0;39m Executing query: employees with params: {deptId=[60], _start=[0], _end=[10]}
[2m2025-09-11T21:22:11.239Z[0;39m [32m INFO[0;39m [35m2963871[0;39m [2m--- [query-registration-system] [nio-8080-exec-2] [0;39m[36mc.b.o.c.registry.service.QueryService   [0;39m [2m:[0;39m Executing query: employees with params: {}
@@@@@@@@@preProcessor@@@@@@@@
[2m2025-09-11T21:22:11.239Z[0;39m [32mDEBUG[0;39m [35m2963871[0;39m [2m--- [query-registration-system] [nio-8080-exec-2] [0;39m[36mc.b.o.c.r.e.query.QueryExecutorImpl     [0;39m [2m:[0;39m Executing query 'employees': SELECT * FROM (SELECT query_.*, ROWNUM rnum_ FROM (SELECT
    e.employee_id,
    e.first_name,
    e.last_name,
    e.email,
    e.phone_number,
    e.hire_date,
    e.job_id,
    j.job_title,
    e.salary,
    e.commission_pct,
    e.manager_id,
    m.first_name || ' ' || m.last_name as manager_name,
    e.department_id,
    d.department_name,
    l.city,
    l.country_id
FROM employees e
LEFT JOIN jobs j ON e.job_id = j.job_id
LEFT JOIN employees m ON e.manager_id = m.employee_id
LEFT JOIN departments d ON e.department_id = d.department_id
LEFT JOIN locations l ON d.location_id = l.location_id
WHERE 1=1







) query_ WHERE ROWNUM <= 10) WHERE rnum_ > 0
[2m2025-09-11T21:22:11.239Z[0;39m [32mDEBUG[0;39m [35m2963871[0;39m [2m--- [query-registration-system] [nio-8080-exec-2] [0;39m[36mc.b.o.c.r.e.query.QueryExecutorImpl     [0;39m [2m:[0;39m Parameters: {jobIds=null, employeeIds=null, hiredAfter=null, deptId=null, hiredAfterDays=null, departmentIds=null, minSalary=null}
[2m2025-09-11T21:22:11.239Z[0;39m [32mDEBUG[0;39m [35m2963871[0;39m [2m--- [query-registration-system] [nio-8080-exec-2] [0;39m[36mc.b.o.c.r.e.query.QueryExecutorImpl     [0;39m [2m:[0;39m Executing count query: SELECT COUNT(*) FROM (SELECT
    e.employee_id,
    e.first_name,
    e.last_name,
    e.email,
    e.phone_number,
    e.hire_date,
    e.job_id,
    j.job_title,
    e.salary,
    e.commission_pct,
    e.manager_id,
    m.first_name || ' ' || m.last_name as manager_name,
    e.department_id,
    d.department_name,
    l.city,
    l.country_id
FROM employees e
LEFT JOIN jobs j ON e.job_id = j.job_id
LEFT JOIN employees m ON e.manager_id = m.employee_id
LEFT JOIN departments d ON e.department_id = d.department_id
LEFT JOIN locations l ON d.location_id = l.location_id
WHERE 1=1







) count_query
[2m2025-09-11T21:22:11.245Z[0;39m [32mDEBUG[0;39m [35m2963871[0;39m [2m--- [query-registration-system] [nio-8080-exec-2] [0;39m[36mc.b.o.c.r.engine.query.BaseRowMapper    [0;39m [2m:[0;39m Skipping unselected field: internalDebugInfo
totalCompensation
[2m2025-09-11T21:22:11.246Z[0;39m [32mDEBUG[0;39m [35m2963871[0;39m [2m--- [query-registration-system] [nio-8080-exec-2] [0;39m[36mc.b.o.c.r.engine.query.BaseRowMapper    [0;39m [2m:[0;39m Skipping unselected field: internalDebugInfo
totalCompensation
[2m2025-09-11T21:22:11.246Z[0;39m [32mDEBUG[0;39m [35m2963871[0;39m [2m--- [query-registration-system] [nio-8080-exec-2] [0;39m[36mc.b.o.c.r.engine.query.BaseRowMapper    [0;39m [2m:[0;39m Skipping unselected field: internalDebugInfo
totalCompensation
[2m2025-09-11T21:22:11.246Z[0;39m [32mDEBUG[0;39m [35m2963871[0;39m [2m--- [query-registration-system] [nio-8080-exec-2] [0;39m[36mc.b.o.c.r.engine.query.BaseRowMapper    [0;39m [2m:[0;39m Skipping unselected field: internalDebugInfo
totalCompensation
[2m2025-09-11T21:22:11.246Z[0;39m [32mDEBUG[0;39m [35m2963871[0;39m [2m--- [query-registration-system] [nio-8080-exec-2] [0;39m[36mc.b.o.c.r.engine.query.BaseRowMapper    [0;39m [2m:[0;39m Skipping unselected field: internalDebugInfo
totalCompensation
[2m2025-09-11T21:22:11.246Z[0;39m [32mDEBUG[0;39m [35m2963871[0;39m [2m--- [query-registration-system] [nio-8080-exec-2] [0;39m[36mc.b.o.c.r.engine.query.BaseRowMapper    [0;39m [2m:[0;39m Skipping unselected field: internalDebugInfo
totalCompensation
[2m2025-09-11T21:22:11.246Z[0;39m [32mDEBUG[0;39m [35m2963871[0;39m [2m--- [query-registration-system] [nio-8080-exec-2] [0;39m[36mc.b.o.c.r.engine.query.BaseRowMapper    [0;39m [2m:[0;39m Skipping unselected field: internalDebugInfo
totalCompensation
[2m2025-09-11T21:22:11.246Z[0;39m [32mDEBUG[0;39m [35m2963871[0;39m [2m--- [query-registration-system] [nio-8080-exec-2] [0;39m[36mc.b.o.c.r.engine.query.BaseRowMapper    [0;39m [2m:[0;39m Skipping unselected field: internalDebugInfo
totalCompensation
[2m2025-09-11T21:22:11.246Z[0;39m [32mDEBUG[0;39m [35m2963871[0;39m [2m--- [query-registration-system] [nio-8080-exec-2] [0;39m[36mc.b.o.c.r.engine.query.BaseRowMapper    [0;39m [2m:[0;39m Skipping unselected field: internalDebugInfo
totalCompensation
[2m2025-09-11T21:22:11.247Z[0;39m [32mDEBUG[0;39m [35m2963871[0;39m [2m--- [query-registration-system] [nio-8080-exec-2] [0;39m[36mc.b.o.c.r.engine.query.BaseRowMapper    [0;39m [2m:[0;39m Skipping unselected field: internalDebugInfo
totalCompensation
@@@@@@@@@rowProcessor@@@@@@@@
@@@@@@@@@rowProcessor@@@@@@@@
@@@@@@@@@rowProcessor@@@@@@@@
@@@@@@@@@rowProcessor@@@@@@@@
@@@@@@@@@rowProcessor@@@@@@@@
@@@@@@@@@rowProcessor@@@@@@@@
@@@@@@@@@rowProcessor@@@@@@@@
@@@@@@@@@rowProcessor@@@@@@@@
@@@@@@@@@rowProcessor@@@@@@@@
@@@@@@@@@rowProcessor@@@@@@@@
@@@@@@@@@postProcessor@@@@@@@@
[2m2025-09-11T21:22:20.737Z[0;39m [32m INFO[0;39m [35m2963871[0;39m [2m--- [query-registration-system] [nio-8080-exec-4] [0;39m[36mc.b.o.c.r.w.controller.QueryController  [0;39m [2m:[0;39m Executing query: employees with params: {filter.departmentId=[60], _start=[0], _end=[10]}
[2m2025-09-11T21:22:20.738Z[0;39m [32m INFO[0;39m [35m2963871[0;39m [2m--- [query-registration-system] [nio-8080-exec-4] [0;39m[36mc.b.o.c.registry.service.QueryService   [0;39m [2m:[0;39m Executing query: employees with params: {}
@@@@@@@@@preProcessor@@@@@@@@
[2m2025-09-11T21:22:20.738Z[0;39m [32mDEBUG[0;39m [35m2963871[0;39m [2m--- [query-registration-system] [nio-8080-exec-4] [0;39m[36mc.b.o.c.r.e.query.QueryExecutorImpl     [0;39m [2m:[0;39m Executing query 'employees': SELECT * FROM (SELECT query_.*, ROWNUM rnum_ FROM (SELECT * FROM (SELECT
    e.employee_id,
    e.first_name,
    e.last_name,
    e.email,
    e.phone_number,
    e.hire_date,
    e.job_id,
    j.job_title,
    e.salary,
    e.commission_pct,
    e.manager_id,
    m.first_name || ' ' || m.last_name as manager_name,
    e.department_id,
    d.department_name,
    l.city,
    l.country_id
FROM employees e
LEFT JOIN jobs j ON e.job_id = j.job_id
LEFT JOIN employees m ON e.manager_id = m.employee_id
LEFT JOIN departments d ON e.department_id = d.department_id
LEFT JOIN locations l ON d.location_id = l.location_id
WHERE 1=1







) WHERE DEPARTMENT_ID = :filter_departmentId_0) query_ WHERE ROWNUM <= 10) WHERE rnum_ > 0
[2m2025-09-11T21:22:20.738Z[0;39m [32mDEBUG[0;39m [35m2963871[0;39m [2m--- [query-registration-system] [nio-8080-exec-4] [0;39m[36mc.b.o.c.r.e.query.QueryExecutorImpl     [0;39m [2m:[0;39m Parameters: {jobIds=null, employeeIds=null, hiredAfter=null, deptId=null, hiredAfterDays=null, filter_departmentId_0=60, departmentIds=null, minSalary=null}
[2m2025-09-11T21:22:20.738Z[0;39m [32mDEBUG[0;39m [35m2963871[0;39m [2m--- [query-registration-system] [nio-8080-exec-4] [0;39m[36mc.b.o.c.r.e.query.QueryExecutorImpl     [0;39m [2m:[0;39m Executing count query: SELECT COUNT(*) FROM (SELECT * FROM (SELECT
    e.employee_id,
    e.first_name,
    e.last_name,
    e.email,
    e.phone_number,
    e.hire_date,
    e.job_id,
    j.job_title,
    e.salary,
    e.commission_pct,
    e.manager_id,
    m.first_name || ' ' || m.last_name as manager_name,
    e.department_id,
    d.department_name,
    l.city,
    l.country_id
FROM employees e
LEFT JOIN jobs j ON e.job_id = j.job_id
LEFT JOIN employees m ON e.manager_id = m.employee_id
LEFT JOIN departments d ON e.department_id = d.department_id
LEFT JOIN locations l ON d.location_id = l.location_id
WHERE 1=1







) WHERE DEPARTMENT_ID = :filter_departmentId_0) count_query
[2m2025-09-11T21:22:20.747Z[0;39m [32mDEBUG[0;39m [35m2963871[0;39m [2m--- [query-registration-system] [nio-8080-exec-4] [0;39m[36mc.b.o.c.r.engine.query.BaseRowMapper    [0;39m [2m:[0;39m Skipping unselected field: internalDebugInfo
totalCompensation
[2m2025-09-11T21:22:20.747Z[0;39m [32mDEBUG[0;39m [35m2963871[0;39m [2m--- [query-registration-system] [nio-8080-exec-4] [0;39m[36mc.b.o.c.r.engine.query.BaseRowMapper    [0;39m [2m:[0;39m Skipping unselected field: internalDebugInfo
totalCompensation
[2m2025-09-11T21:22:20.747Z[0;39m [32mDEBUG[0;39m [35m2963871[0;39m [2m--- [query-registration-system] [nio-8080-exec-4] [0;39m[36mc.b.o.c.r.engine.query.BaseRowMapper    [0;39m [2m:[0;39m Skipping unselected field: internalDebugInfo
totalCompensation
[2m2025-09-11T21:22:20.747Z[0;39m [32mDEBUG[0;39m [35m2963871[0;39m [2m--- [query-registration-system] [nio-8080-exec-4] [0;39m[36mc.b.o.c.r.engine.query.BaseRowMapper    [0;39m [2m:[0;39m Skipping unselected field: internalDebugInfo
totalCompensation
[2m2025-09-11T21:22:20.747Z[0;39m [32mDEBUG[0;39m [35m2963871[0;39m [2m--- [query-registration-system] [nio-8080-exec-4] [0;39m[36mc.b.o.c.r.engine.query.BaseRowMapper    [0;39m [2m:[0;39m Skipping unselected field: internalDebugInfo
totalCompensation
@@@@@@@@@rowProcessor@@@@@@@@
@@@@@@@@@rowProcessor@@@@@@@@
@@@@@@@@@rowProcessor@@@@@@@@
@@@@@@@@@rowProcessor@@@@@@@@
@@@@@@@@@rowProcessor@@@@@@@@
@@@@@@@@@postProcessor@@@@@@@@
[2m2025-09-11T21:22:28.387Z[0;39m [32m INFO[0;39m [35m2963871[0;39m [2m--- [query-registration-system] [nio-8080-exec-6] [0;39m[36mc.b.o.c.r.w.controller.SelectController [0;39m [2m:[0;39m Executing select: employeesLov with ids: null, search: null, pagination: 0-5
[2m2025-09-11T21:22:28.388Z[0;39m [32m INFO[0;39m [35m2963871[0;39m [2m--- [query-registration-system] [nio-8080-exec-6] [0;39m[36mc.b.o.c.registry.service.QueryService   [0;39m [2m:[0;39m Executing query: employeesLov with params: {}
[2m2025-09-11T21:22:28.388Z[0;39m [32mDEBUG[0;39m [35m2963871[0;39m [2m--- [query-registration-system] [nio-8080-exec-6] [0;39m[36mc.b.o.c.r.e.query.QueryExecutorImpl     [0;39m [2m:[0;39m Executing query 'employeesLov': SELECT
    *
FROM employees e
LEFT JOIN departments d ON e.department_id = d.department_id
WHERE 1=1


[2m2025-09-11T21:22:28.388Z[0;39m [32mDEBUG[0;39m [35m2963871[0;39m [2m--- [query-registration-system] [nio-8080-exec-6] [0;39m[36mc.b.o.c.r.e.query.QueryExecutorImpl     [0;39m [2m:[0;39m Parameters: {departmentId=null}
@@@@@@@@@postProcessor@@@@@@@@
[2m2025-09-11T21:22:43.959Z[0;39m [32m INFO[0;39m [35m2963871[0;39m [2m--- [query-registration-system] [nio-8080-exec-8] [0;39m[36mc.b.o.c.r.w.controller.SelectController [0;39m [2m:[0;39m Executing select: employeesLov with ids: null, search: Steven, pagination: 0-10
[2m2025-09-11T21:22:43.959Z[0;39m [32mDEBUG[0;39m [35m2963871[0;39m [2m--- [query-registration-system] [nio-8080-exec-8] [0;39m[36mc.b.o.c.r.w.controller.SelectController [0;39m [2m:[0;39m Searching with term: Steven
[2m2025-09-11T21:22:43.959Z[0;39m [32m INFO[0;39m [35m2963871[0;39m [2m--- [query-registration-system] [nio-8080-exec-8] [0;39m[36mc.b.o.c.registry.service.QueryService   [0;39m [2m:[0;39m Executing query: employeesLov with params: {}
[2m2025-09-11T21:22:43.959Z[0;39m [32mDEBUG[0;39m [35m2963871[0;39m [2m--- [query-registration-system] [nio-8080-exec-8] [0;39m[36mc.b.o.c.r.e.query.QueryExecutorImpl     [0;39m [2m:[0;39m Executing query 'employeesLov': SELECT * FROM (SELECT
    *
FROM employees e
LEFT JOIN departments d ON e.department_id = d.department_id
WHERE 1=1

) WHERE UPPER(FIRST_NAME) LIKE UPPER(:filter_label_0)
[2m2025-09-11T21:22:43.960Z[0;39m [32mDEBUG[0;39m [35m2963871[0;39m [2m--- [query-registration-system] [nio-8080-exec-8] [0;39m[36mc.b.o.c.r.e.query.QueryExecutorImpl     [0;39m [2m:[0;39m Parameters: {departmentId=null, filter_label_0=%Steven%}
@@@@@@@@@postProcessor@@@@@@@@
[2m2025-09-11T21:22:53.414Z[0;39m [32m INFO[0;39m [35m2963871[0;39m [2m--- [query-registration-system] [io-8080-exec-10] [0;39m[36mc.b.o.c.r.w.controller.QueryController  [0;39m [2m:[0;39m Executing query: employees with params: {filter.departmentId.in=[60,90], filter.salary.gt=[10000], sort=[salary.desc], _start=[0], _end=[5]}
[2m2025-09-11T21:22:53.415Z[0;39m [32m INFO[0;39m [35m2963871[0;39m [2m--- [query-registration-system] [io-8080-exec-10] [0;39m[36mc.b.o.c.registry.service.QueryService   [0;39m [2m:[0;39m Executing query: employees with params: {}
@@@@@@@@@preProcessor@@@@@@@@
[2m2025-09-11T21:22:53.416Z[0;39m [32mDEBUG[0;39m [35m2963871[0;39m [2m--- [query-registration-system] [io-8080-exec-10] [0;39m[36mc.b.o.c.r.e.query.QueryExecutorImpl     [0;39m [2m:[0;39m Executing query 'employees': SELECT * FROM (SELECT query_.*, ROWNUM rnum_ FROM (SELECT * FROM (SELECT
    e.employee_id,
    e.first_name,
    e.last_name,
    e.email,
    e.phone_number,
    e.hire_date,
    e.job_id,
    j.job_title,
    e.salary,
    e.commission_pct,
    e.manager_id,
    m.first_name || ' ' || m.last_name as manager_name,
    e.department_id,
    d.department_name,
    l.city,
    l.country_id
FROM employees e
LEFT JOIN jobs j ON e.job_id = j.job_id
LEFT JOIN employees m ON e.manager_id = m.employee_id
LEFT JOIN departments d ON e.department_id = d.department_id
LEFT JOIN locations l ON d.location_id = l.location_id
WHERE 1=1







) WHERE DEPARTMENT_ID IN (:filter_departmentId_0) AND SALARY > :filter_salary_1) query_ WHERE ROWNUM <= 5) WHERE rnum_ > 0
[2m2025-09-11T21:22:53.416Z[0;39m [32mDEBUG[0;39m [35m2963871[0;39m [2m--- [query-registration-system] [io-8080-exec-10] [0;39m[36mc.b.o.c.r.e.query.QueryExecutorImpl     [0;39m [2m:[0;39m Parameters: {jobIds=null, employeeIds=null, hiredAfter=null, deptId=null, hiredAfterDays=null, filter_departmentId_0=[60, 90], filter_salary_1=10000, departmentIds=null, minSalary=null}
[2m2025-09-11T21:22:53.416Z[0;39m [32mDEBUG[0;39m [35m2963871[0;39m [2m--- [query-registration-system] [io-8080-exec-10] [0;39m[36mc.b.o.c.r.e.query.QueryExecutorImpl     [0;39m [2m:[0;39m Executing count query: SELECT COUNT(*) FROM (SELECT * FROM (SELECT
    e.employee_id,
    e.first_name,
    e.last_name,
    e.email,
    e.phone_number,
    e.hire_date,
    e.job_id,
    j.job_title,
    e.salary,
    e.commission_pct,
    e.manager_id,
    m.first_name || ' ' || m.last_name as manager_name,
    e.department_id,
    d.department_name,
    l.city,
    l.country_id
FROM employees e
LEFT JOIN jobs j ON e.job_id = j.job_id
LEFT JOIN employees m ON e.manager_id = m.employee_id
LEFT JOIN departments d ON e.department_id = d.department_id
LEFT JOIN locations l ON d.location_id = l.location_id
WHERE 1=1







) WHERE DEPARTMENT_ID IN (:filter_departmentId_0) AND SALARY > :filter_salary_1) count_query
[2m2025-09-11T21:22:53.422Z[0;39m [32mDEBUG[0;39m [35m2963871[0;39m [2m--- [query-registration-system] [io-8080-exec-10] [0;39m[36mc.b.o.c.r.engine.query.BaseRowMapper    [0;39m [2m:[0;39m Skipping unselected field: internalDebugInfo
totalCompensation
[2m2025-09-11T21:22:53.422Z[0;39m [32mDEBUG[0;39m [35m2963871[0;39m [2m--- [query-registration-system] [io-8080-exec-10] [0;39m[36mc.b.o.c.r.engine.query.BaseRowMapper    [0;39m [2m:[0;39m Skipping unselected field: internalDebugInfo
totalCompensation
[2m2025-09-11T21:22:53.422Z[0;39m [32mDEBUG[0;39m [35m2963871[0;39m [2m--- [query-registration-system] [io-8080-exec-10] [0;39m[36mc.b.o.c.r.engine.query.BaseRowMapper    [0;39m [2m:[0;39m Skipping unselected field: internalDebugInfo
totalCompensation
@@@@@@@@@rowProcessor@@@@@@@@
@@@@@@@@@rowProcessor@@@@@@@@
@@@@@@@@@rowProcessor@@@@@@@@
@@@@@@@@@postProcessor@@@@@@@@
[2m2025-09-11T21:23:01.729Z[0;39m [32m INFO[0;39m [35m2963871[0;39m [2m--- [query-registration-system] [nio-8080-exec-2] [0;39m[36mc.b.o.c.r.w.controller.QueryController  [0;39m [2m:[0;39m Executing query: employees with params: {filter.departmentId.in=[60,90], filter.salary.gt=[10000], sort=[salary.desc], _start=[0], _end=[5]}
[2m2025-09-11T21:23:01.729Z[0;39m [32m INFO[0;39m [35m2963871[0;39m [2m--- [query-registration-system] [nio-8080-exec-2] [0;39m[36mc.b.o.c.registry.service.QueryService   [0;39m [2m:[0;39m Executing query: employees with params: {}
@@@@@@@@@preProcessor@@@@@@@@
[2m2025-09-11T21:23:01.729Z[0;39m [32mDEBUG[0;39m [35m2963871[0;39m [2m--- [query-registration-system] [nio-8080-exec-2] [0;39m[36mc.b.o.c.r.e.query.QueryExecutorImpl     [0;39m [2m:[0;39m Executing query 'employees': SELECT * FROM (SELECT query_.*, ROWNUM rnum_ FROM (SELECT * FROM (SELECT
    e.employee_id,
    e.first_name,
    e.last_name,
    e.email,
    e.phone_number,
    e.hire_date,
    e.job_id,
    j.job_title,
    e.salary,
    e.commission_pct,
    e.manager_id,
    m.first_name || ' ' || m.last_name as manager_name,
    e.department_id,
    d.department_name,
    l.city,
    l.country_id
FROM employees e
LEFT JOIN jobs j ON e.job_id = j.job_id
LEFT JOIN employees m ON e.manager_id = m.employee_id
LEFT JOIN departments d ON e.department_id = d.department_id
LEFT JOIN locations l ON d.location_id = l.location_id
WHERE 1=1







) WHERE DEPARTMENT_ID IN (:filter_departmentId_0) AND SALARY > :filter_salary_1) query_ WHERE ROWNUM <= 5) WHERE rnum_ > 0
[2m2025-09-11T21:23:01.729Z[0;39m [32mDEBUG[0;39m [35m2963871[0;39m [2m--- [query-registration-system] [nio-8080-exec-2] [0;39m[36mc.b.o.c.r.e.query.QueryExecutorImpl     [0;39m [2m:[0;39m Parameters: {jobIds=null, employeeIds=null, hiredAfter=null, deptId=null, hiredAfterDays=null, filter_departmentId_0=[60, 90], filter_salary_1=10000, departmentIds=null, minSalary=null}
[2m2025-09-11T21:23:01.729Z[0;39m [32mDEBUG[0;39m [35m2963871[0;39m [2m--- [query-registration-system] [nio-8080-exec-2] [0;39m[36mc.b.o.c.r.e.query.QueryExecutorImpl     [0;39m [2m:[0;39m Executing count query: SELECT COUNT(*) FROM (SELECT * FROM (SELECT
    e.employee_id,
    e.first_name,
    e.last_name,
    e.email,
    e.phone_number,
    e.hire_date,
    e.job_id,
    j.job_title,
    e.salary,
    e.commission_pct,
    e.manager_id,
    m.first_name || ' ' || m.last_name as manager_name,
    e.department_id,
    d.department_name,
    l.city,
    l.country_id
FROM employees e
LEFT JOIN jobs j ON e.job_id = j.job_id
LEFT JOIN employees m ON e.manager_id = m.employee_id
LEFT JOIN departments d ON e.department_id = d.department_id
LEFT JOIN locations l ON d.location_id = l.location_id
WHERE 1=1







) WHERE DEPARTMENT_ID IN (:filter_departmentId_0) AND SALARY > :filter_salary_1) count_query
[2m2025-09-11T21:23:01.732Z[0;39m [32mDEBUG[0;39m [35m2963871[0;39m [2m--- [query-registration-system] [nio-8080-exec-2] [0;39m[36mc.b.o.c.r.engine.query.BaseRowMapper    [0;39m [2m:[0;39m Skipping unselected field: internalDebugInfo
totalCompensation
[2m2025-09-11T21:23:01.732Z[0;39m [32mDEBUG[0;39m [35m2963871[0;39m [2m--- [query-registration-system] [nio-8080-exec-2] [0;39m[36mc.b.o.c.r.engine.query.BaseRowMapper    [0;39m [2m:[0;39m Skipping unselected field: internalDebugInfo
totalCompensation
[2m2025-09-11T21:23:01.732Z[0;39m [32mDEBUG[0;39m [35m2963871[0;39m [2m--- [query-registration-system] [nio-8080-exec-2] [0;39m[36mc.b.o.c.r.engine.query.BaseRowMapper    [0;39m [2m:[0;39m Skipping unselected field: internalDebugInfo
totalCompensation
@@@@@@@@@rowProcessor@@@@@@@@
@@@@@@@@@rowProcessor@@@@@@@@
@@@@@@@@@rowProcessor@@@@@@@@
@@@@@@@@@postProcessor@@@@@@@@
[2m2025-09-11T21:23:10.144Z[0;39m [32m INFO[0;39m [35m2963871[0;39m [2m--- [query-registration-system] [nio-8080-exec-4] [0;39m[36mc.b.o.c.r.w.controller.QueryController  [0;39m [2m:[0;39m Executing query: departments with params: {_start=[0], _end=[5]}
[2m2025-09-11T21:23:10.144Z[0;39m [32m INFO[0;39m [35m2963871[0;39m [2m--- [query-registration-system] [nio-8080-exec-4] [0;39m[36mc.b.o.c.registry.service.QueryService   [0;39m [2m:[0;39m Executing query: departments with params: {}
[2m2025-09-11T21:23:10.144Z[0;39m [32mDEBUG[0;39m [35m2963871[0;39m [2m--- [query-registration-system] [nio-8080-exec-4] [0;39m[36mc.b.o.c.r.e.query.QueryExecutorImpl     [0;39m [2m:[0;39m Executing query 'departments': SELECT * FROM (SELECT query_.*, ROWNUM rnum_ FROM (SELECT
    d.department_id,
    d.department_name,
    l.city,
    l.state_province,
    c.country_name
FROM departments d
LEFT JOIN locations l ON d.location_id = l.location_id
LEFT JOIN countries c ON l.country_id = c.country_id
WHERE 1=1

) query_ WHERE ROWNUM <= 5) WHERE rnum_ > 0
[2m2025-09-11T21:23:10.144Z[0;39m [32mDEBUG[0;39m [35m2963871[0;39m [2m--- [query-registration-system] [nio-8080-exec-4] [0;39m[36mc.b.o.c.r.e.query.QueryExecutorImpl     [0;39m [2m:[0;39m Parameters: {locationId=null}
[2m2025-09-11T21:23:10.144Z[0;39m [32mDEBUG[0;39m [35m2963871[0;39m [2m--- [query-registration-system] [nio-8080-exec-4] [0;39m[36mc.b.o.c.r.e.query.QueryExecutorImpl     [0;39m [2m:[0;39m Executing count query: SELECT COUNT(*) FROM (SELECT
    d.department_id,
    d.department_name,
    l.city,
    l.state_province,
    c.country_name
FROM departments d
LEFT JOIN locations l ON d.location_id = l.location_id
LEFT JOIN countries c ON l.country_id = c.country_id
WHERE 1=1

) count_query
[2m2025-09-11T21:23:18.072Z[0;39m [32m INFO[0;39m [35m2963871[0;39m [2m--- [query-registration-system] [nio-8080-exec-6] [0;39m[36mc.b.o.c.r.w.controller.QueryController  [0;39m [2m:[0;39m Executing query: departments with params: {_start=[0], _end=[5]}
[2m2025-09-11T21:23:18.072Z[0;39m [32m INFO[0;39m [35m2963871[0;39m [2m--- [query-registration-system] [nio-8080-exec-6] [0;39m[36mc.b.o.c.registry.service.QueryService   [0;39m [2m:[0;39m Executing query: departments with params: {}
[2m2025-09-11T21:23:18.073Z[0;39m [32mDEBUG[0;39m [35m2963871[0;39m [2m--- [query-registration-system] [nio-8080-exec-6] [0;39m[36mc.b.o.c.r.e.query.QueryExecutorImpl     [0;39m [2m:[0;39m Executing query 'departments': SELECT * FROM (SELECT query_.*, ROWNUM rnum_ FROM (SELECT
    d.department_id,
    d.department_name,
    l.city,
    l.state_province,
    c.country_name
FROM departments d
LEFT JOIN locations l ON d.location_id = l.location_id
LEFT JOIN countries c ON l.country_id = c.country_id
WHERE 1=1

) query_ WHERE ROWNUM <= 5) WHERE rnum_ > 0
[2m2025-09-11T21:23:18.073Z[0;39m [32mDEBUG[0;39m [35m2963871[0;39m [2m--- [query-registration-system] [nio-8080-exec-6] [0;39m[36mc.b.o.c.r.e.query.QueryExecutorImpl     [0;39m [2m:[0;39m Parameters: {locationId=null}
[2m2025-09-11T21:23:18.073Z[0;39m [32mDEBUG[0;39m [35m2963871[0;39m [2m--- [query-registration-system] [nio-8080-exec-6] [0;39m[36mc.b.o.c.r.e.query.QueryExecutorImpl     [0;39m [2m:[0;39m Executing count query: SELECT COUNT(*) FROM (SELECT
    d.department_id,
    d.department_name,
    l.city,
    l.state_province,
    c.country_name
FROM departments d
LEFT JOIN locations l ON d.location_id = l.location_id
LEFT JOIN countries c ON l.country_id = c.country_id
WHERE 1=1

) count_query
[2m2025-09-11T21:23:27.849Z[0;39m [32m INFO[0;39m [35m2963871[0;39m [2m--- [query-registration-system] [nio-8080-exec-8] [0;39m[36mc.b.o.c.r.w.controller.QueryController  [0;39m [2m:[0;39m Executing query: jobs with params: {_start=[0], _end=[5]}
[2m2025-09-11T21:23:27.849Z[0;39m [32m INFO[0;39m [35m2963871[0;39m [2m--- [query-registration-system] [nio-8080-exec-8] [0;39m[36mc.b.o.c.registry.service.QueryService   [0;39m [2m:[0;39m Executing query: jobs with params: {}
[2m2025-09-11T21:23:27.849Z[0;39m [32mDEBUG[0;39m [35m2963871[0;39m [2m--- [query-registration-system] [nio-8080-exec-8] [0;39m[36mc.b.o.c.r.e.query.QueryExecutorImpl     [0;39m [2m:[0;39m Executing query 'jobs': SELECT * FROM (SELECT query_.*, ROWNUM rnum_ FROM (SELECT
    job_id,
    job_title,
    min_salary,
    max_salary
FROM jobs
ORDER BY job_title
) query_ WHERE ROWNUM <= 5) WHERE rnum_ > 0
[2m2025-09-11T21:23:27.849Z[0;39m [32mDEBUG[0;39m [35m2963871[0;39m [2m--- [query-registration-system] [nio-8080-exec-8] [0;39m[36mc.b.o.c.r.e.query.QueryExecutorImpl     [0;39m [2m:[0;39m Parameters: {}
[2m2025-09-11T21:23:27.849Z[0;39m [32mDEBUG[0;39m [35m2963871[0;39m [2m--- [query-registration-system] [nio-8080-exec-8] [0;39m[36mc.b.o.c.r.e.query.QueryExecutorImpl     [0;39m [2m:[0;39m Executing count query: SELECT COUNT(*) FROM (SELECT
    job_id,
    job_title,
    min_salary,
    max_salary
FROM jobs
ORDER BY job_title
) count_query
[2m2025-09-11T21:23:35.552Z[0;39m [32m INFO[0;39m [35m2963871[0;39m [2m--- [query-registration-system] [io-8080-exec-10] [0;39m[36mc.b.o.c.r.w.controller.QueryController  [0;39m [2m:[0;39m Executing query: jobs with params: {_start=[0], _end=[2]}
[2m2025-09-11T21:23:35.552Z[0;39m [32m INFO[0;39m [35m2963871[0;39m [2m--- [query-registration-system] [io-8080-exec-10] [0;39m[36mc.b.o.c.registry.service.QueryService   [0;39m [2m:[0;39m Executing query: jobs with params: {}
[2m2025-09-11T21:23:35.552Z[0;39m [32mDEBUG[0;39m [35m2963871[0;39m [2m--- [query-registration-system] [io-8080-exec-10] [0;39m[36mc.b.o.c.r.e.query.QueryExecutorImpl     [0;39m [2m:[0;39m Executing query 'jobs': SELECT * FROM (SELECT query_.*, ROWNUM rnum_ FROM (SELECT
    job_id,
    job_title,
    min_salary,
    max_salary
FROM jobs
ORDER BY job_title
) query_ WHERE ROWNUM <= 2) WHERE rnum_ > 0
[2m2025-09-11T21:23:35.552Z[0;39m [32mDEBUG[0;39m [35m2963871[0;39m [2m--- [query-registration-system] [io-8080-exec-10] [0;39m[36mc.b.o.c.r.e.query.QueryExecutorImpl     [0;39m [2m:[0;39m Parameters: {}
[2m2025-09-11T21:23:35.552Z[0;39m [32mDEBUG[0;39m [35m2963871[0;39m [2m--- [query-registration-system] [io-8080-exec-10] [0;39m[36mc.b.o.c.r.e.query.QueryExecutorImpl     [0;39m [2m:[0;39m Executing count query: SELECT COUNT(*) FROM (SELECT
    job_id,
    job_title,
    min_salary,
    max_salary
FROM jobs
ORDER BY job_title
) count_query
[2m2025-09-11T21:24:58.970Z[0;39m [32m INFO[0;39m [35m2963871[0;39m [2m--- [query-registration-system] [nio-8080-exec-4] [0;39m[36mc.b.o.c.r.w.controller.QueryController  [0;39m [2m:[0;39m Executing query: employees with params: {filter.salary.gte=[10000], filter.department_id=[50], sort=[salary.desc], _start=[0], _end=[5]}
[2m2025-09-11T21:24:58.970Z[0;39m [32m INFO[0;39m [35m2963871[0;39m [2m--- [query-registration-system] [nio-8080-exec-4] [0;39m[36mc.b.o.c.registry.service.QueryService   [0;39m [2m:[0;39m Executing query: employees with params: {}
[2m2025-09-11T21:24:58.971Z[0;39m [31mERROR[0;39m [35m2963871[0;39m [2m--- [query-registration-system] [nio-8080-exec-4] [0;39m[36mc.b.o.c.r.w.controller.QueryController  [0;39m [2m:[0;39m Query execution failed: Unknown attribute for filter: department_id
[2m2025-09-11T21:25:03.755Z[0;39m [32m INFO[0;39m [35m2963871[0;39m [2m--- [query-registration-system] [nio-8080-exec-5] [0;39m[36mc.b.o.c.r.w.controller.QueryController  [0;39m [2m:[0;39m Executing query: employees with params: {filter.salary.gte=[10000], filter.departmentId=[50], sort=[salary.desc], _start=[0], _end=[5]}
[2m2025-09-11T21:25:03.755Z[0;39m [32m INFO[0;39m [35m2963871[0;39m [2m--- [query-registration-system] [nio-8080-exec-5] [0;39m[36mc.b.o.c.registry.service.QueryService   [0;39m [2m:[0;39m Executing query: employees with params: {}
@@@@@@@@@preProcessor@@@@@@@@
[2m2025-09-11T21:25:03.755Z[0;39m [32mDEBUG[0;39m [35m2963871[0;39m [2m--- [query-registration-system] [nio-8080-exec-5] [0;39m[36mc.b.o.c.r.e.query.QueryExecutorImpl     [0;39m [2m:[0;39m Executing query 'employees': SELECT * FROM (SELECT query_.*, ROWNUM rnum_ FROM (SELECT * FROM (SELECT
    e.employee_id,
    e.first_name,
    e.last_name,
    e.email,
    e.phone_number,
    e.hire_date,
    e.job_id,
    j.job_title,
    e.salary,
    e.commission_pct,
    e.manager_id,
    m.first_name || ' ' || m.last_name as manager_name,
    e.department_id,
    d.department_name,
    l.city,
    l.country_id
FROM employees e
LEFT JOIN jobs j ON e.job_id = j.job_id
LEFT JOIN employees m ON e.manager_id = m.employee_id
LEFT JOIN departments d ON e.department_id = d.department_id
LEFT JOIN locations l ON d.location_id = l.location_id
WHERE 1=1







) WHERE SALARY >= :filter_salary_0 AND DEPARTMENT_ID = :filter_departmentId_1) query_ WHERE ROWNUM <= 5) WHERE rnum_ > 0
[2m2025-09-11T21:25:03.755Z[0;39m [32mDEBUG[0;39m [35m2963871[0;39m [2m--- [query-registration-system] [nio-8080-exec-5] [0;39m[36mc.b.o.c.r.e.query.QueryExecutorImpl     [0;39m [2m:[0;39m Parameters: {jobIds=null, employeeIds=null, hiredAfter=null, deptId=null, filter_departmentId_1=50, hiredAfterDays=null, departmentIds=null, minSalary=null, filter_salary_0=10000}
[2m2025-09-11T21:25:03.755Z[0;39m [32mDEBUG[0;39m [35m2963871[0;39m [2m--- [query-registration-system] [nio-8080-exec-5] [0;39m[36mc.b.o.c.r.e.query.QueryExecutorImpl     [0;39m [2m:[0;39m Executing count query: SELECT COUNT(*) FROM (SELECT * FROM (SELECT
    e.employee_id,
    e.first_name,
    e.last_name,
    e.email,
    e.phone_number,
    e.hire_date,
    e.job_id,
    j.job_title,
    e.salary,
    e.commission_pct,
    e.manager_id,
    m.first_name || ' ' || m.last_name as manager_name,
    e.department_id,
    d.department_name,
    l.city,
    l.country_id
FROM employees e
LEFT JOIN jobs j ON e.job_id = j.job_id
LEFT JOIN employees m ON e.manager_id = m.employee_id
LEFT JOIN departments d ON e.department_id = d.department_id
LEFT JOIN locations l ON d.location_id = l.location_id
WHERE 1=1







) WHERE SALARY >= :filter_salary_0 AND DEPARTMENT_ID = :filter_departmentId_1) count_query
@@@@@@@@@postProcessor@@@@@@@@
[2m2025-09-11T21:25:09.240Z[0;39m [32m INFO[0;39m [35m2963871[0;39m [2m--- [query-registration-system] [nio-8080-exec-6] [0;39m[36mc.b.o.c.r.w.controller.SelectController [0;39m [2m:[0;39m Executing select: departmentsLov with ids: null, search: null, pagination: 0-10
[2m2025-09-11T21:25:09.240Z[0;39m [31mERROR[0;39m [35m2963871[0;39m [2m--- [query-registration-system] [nio-8080-exec-6] [0;39m[36mc.b.o.c.r.w.controller.SelectController [0;39m [2m:[0;39m Select query not found: departmentsLov
[2m2025-09-11T21:25:13.970Z[0;39m [32m INFO[0;39m [35m2963871[0;39m [2m--- [query-registration-system] [nio-8080-exec-7] [0;39m[36mc.b.o.c.r.w.controller.QueryController  [0;39m [2m:[0;39m Executing query: list with params: {}
[2m2025-09-11T21:25:13.970Z[0;39m [31mERROR[0;39m [35m2963871[0;39m [2m--- [query-registration-system] [nio-8080-exec-7] [0;39m[36mc.b.o.c.r.w.controller.QueryController  [0;39m [2m:[0;39m Query not found: list
[2m2025-09-11T21:25:19.073Z[0;39m [32m INFO[0;39m [35m2963871[0;39m [2m--- [query-registration-system] [nio-8080-exec-8] [0;39m[36mc.b.o.c.r.w.controller.QueryController  [0;39m [2m:[0;39m Executing query: employees with params: {filter.salary.between=[5000,15000], _start=[0], _end=[5]}
[2m2025-09-11T21:25:19.073Z[0;39m [32m INFO[0;39m [35m2963871[0;39m [2m--- [query-registration-system] [nio-8080-exec-8] [0;39m[36mc.b.o.c.registry.service.QueryService   [0;39m [2m:[0;39m Executing query: employees with params: {}
@@@@@@@@@preProcessor@@@@@@@@
[2m2025-09-11T21:25:19.073Z[0;39m [32mDEBUG[0;39m [35m2963871[0;39m [2m--- [query-registration-system] [nio-8080-exec-8] [0;39m[36mc.b.o.c.r.e.query.QueryExecutorImpl     [0;39m [2m:[0;39m Executing query 'employees': SELECT * FROM (SELECT query_.*, ROWNUM rnum_ FROM (SELECT * FROM (SELECT
    e.employee_id,
    e.first_name,
    e.last_name,
    e.email,
    e.phone_number,
    e.hire_date,
    e.job_id,
    j.job_title,
    e.salary,
    e.commission_pct,
    e.manager_id,
    m.first_name || ' ' || m.last_name as manager_name,
    e.department_id,
    d.department_name,
    l.city,
    l.country_id
FROM employees e
LEFT JOIN jobs j ON e.job_id = j.job_id
LEFT JOIN employees m ON e.manager_id = m.employee_id
LEFT JOIN departments d ON e.department_id = d.department_id
LEFT JOIN locations l ON d.location_id = l.location_id
WHERE 1=1







) WHERE SALARY BETWEEN :filter_salary_0_1 AND :filter_salary_0_2) query_ WHERE ROWNUM <= 5) WHERE rnum_ > 0
[2m2025-09-11T21:25:19.073Z[0;39m [32mDEBUG[0;39m [35m2963871[0;39m [2m--- [query-registration-system] [nio-8080-exec-8] [0;39m[36mc.b.o.c.r.e.query.QueryExecutorImpl     [0;39m [2m:[0;39m Parameters: {jobIds=null, employeeIds=null, filter_salary_0_1=null, hiredAfter=null, filter_salary_0_2=null, deptId=null, hiredAfterDays=null, departmentIds=null, minSalary=null}
[2m2025-09-11T21:25:19.073Z[0;39m [32mDEBUG[0;39m [35m2963871[0;39m [2m--- [query-registration-system] [nio-8080-exec-8] [0;39m[36mc.b.o.c.r.e.query.QueryExecutorImpl     [0;39m [2m:[0;39m Executing count query: SELECT COUNT(*) FROM (SELECT * FROM (SELECT
    e.employee_id,
    e.first_name,
    e.last_name,
    e.email,
    e.phone_number,
    e.hire_date,
    e.job_id,
    j.job_title,
    e.salary,
    e.commission_pct,
    e.manager_id,
    m.first_name || ' ' || m.last_name as manager_name,
    e.department_id,
    d.department_name,
    l.city,
    l.country_id
FROM employees e
LEFT JOIN jobs j ON e.job_id = j.job_id
LEFT JOIN employees m ON e.manager_id = m.employee_id
LEFT JOIN departments d ON e.department_id = d.department_id
LEFT JOIN locations l ON d.location_id = l.location_id
WHERE 1=1







) WHERE SALARY BETWEEN :filter_salary_0_1 AND :filter_salary_0_2) count_query
@@@@@@@@@postProcessor@@@@@@@@
[2m2025-09-11T21:25:24.688Z[0;39m [32m INFO[0;39m [35m2963871[0;39m [2m--- [query-registration-system] [nio-8080-exec-9] [0;39m[36mc.b.o.c.r.w.controller.QueryController  [0;39m [2m:[0;39m Executing query: departments with params: {filter.departmentId.in=[10,20,30,50], _start=[0], _end=[10]}
[2m2025-09-11T21:25:24.689Z[0;39m [32m INFO[0;39m [35m2963871[0;39m [2m--- [query-registration-system] [nio-8080-exec-9] [0;39m[36mc.b.o.c.registry.service.QueryService   [0;39m [2m:[0;39m Executing query: departments with params: {}
[2m2025-09-11T21:25:24.689Z[0;39m [31mERROR[0;39m [35m2963871[0;39m [2m--- [query-registration-system] [nio-8080-exec-9] [0;39m[36mc.b.o.c.r.w.controller.QueryController  [0;39m [2m:[0;39m Query execution failed: Unknown attribute for filter: departmentId
[2m2025-09-11T21:25:29.964Z[0;39m [32m INFO[0;39m [35m2963871[0;39m [2m--- [query-registration-system] [io-8080-exec-10] [0;39m[36mc.b.o.c.r.w.controller.QueryController  [0;39m [2m:[0;39m Executing query: departments with params: {_start=[0], _end=[5]}
[2m2025-09-11T21:25:29.964Z[0;39m [32m INFO[0;39m [35m2963871[0;39m [2m--- [query-registration-system] [io-8080-exec-10] [0;39m[36mc.b.o.c.registry.service.QueryService   [0;39m [2m:[0;39m Executing query: departments with params: {}
[2m2025-09-11T21:25:29.964Z[0;39m [32mDEBUG[0;39m [35m2963871[0;39m [2m--- [query-registration-system] [io-8080-exec-10] [0;39m[36mc.b.o.c.r.e.query.QueryExecutorImpl     [0;39m [2m:[0;39m Executing query 'departments': SELECT * FROM (SELECT query_.*, ROWNUM rnum_ FROM (SELECT
    d.department_id,
    d.department_name,
    l.city,
    l.state_province,
    c.country_name
FROM departments d
LEFT JOIN locations l ON d.location_id = l.location_id
LEFT JOIN countries c ON l.country_id = c.country_id
WHERE 1=1

) query_ WHERE ROWNUM <= 5) WHERE rnum_ > 0
[2m2025-09-11T21:25:29.964Z[0;39m [32mDEBUG[0;39m [35m2963871[0;39m [2m--- [query-registration-system] [io-8080-exec-10] [0;39m[36mc.b.o.c.r.e.query.QueryExecutorImpl     [0;39m [2m:[0;39m Parameters: {locationId=null}
[2m2025-09-11T21:25:29.965Z[0;39m [32mDEBUG[0;39m [35m2963871[0;39m [2m--- [query-registration-system] [io-8080-exec-10] [0;39m[36mc.b.o.c.r.e.query.QueryExecutorImpl     [0;39m [2m:[0;39m Executing count query: SELECT COUNT(*) FROM (SELECT
    d.department_id,
    d.department_name,
    l.city,
    l.state_province,
    c.country_name
FROM departments d
LEFT JOIN locations l ON d.location_id = l.location_id
LEFT JOIN countries c ON l.country_id = c.country_id
WHERE 1=1

) count_query
[2m2025-09-11T21:25:35.060Z[0;39m [32m INFO[0;39m [35m2963871[0;39m [2m--- [query-registration-system] [nio-8080-exec-1] [0;39m[36mc.b.o.c.r.w.controller.QueryController  [0;39m [2m:[0;39m Executing query: employees with params: {minSalary=[8000], _start=[0], _end=[3]}
[2m2025-09-11T21:25:35.060Z[0;39m [32m INFO[0;39m [35m2963871[0;39m [2m--- [query-registration-system] [nio-8080-exec-1] [0;39m[36mc.b.o.c.registry.service.QueryService   [0;39m [2m:[0;39m Executing query: employees with params: {}
@@@@@@@@@preProcessor@@@@@@@@
[2m2025-09-11T21:25:35.060Z[0;39m [32mDEBUG[0;39m [35m2963871[0;39m [2m--- [query-registration-system] [nio-8080-exec-1] [0;39m[36mc.b.o.c.r.e.query.QueryExecutorImpl     [0;39m [2m:[0;39m Executing query 'employees': SELECT * FROM (SELECT query_.*, ROWNUM rnum_ FROM (SELECT
    e.employee_id,
    e.first_name,
    e.last_name,
    e.email,
    e.phone_number,
    e.hire_date,
    e.job_id,
    j.job_title,
    e.salary,
    e.commission_pct,
    e.manager_id,
    m.first_name || ' ' || m.last_name as manager_name,
    e.department_id,
    d.department_name,
    l.city,
    l.country_id
FROM employees e
LEFT JOIN jobs j ON e.job_id = j.job_id
LEFT JOIN employees m ON e.manager_id = m.employee_id
LEFT JOIN departments d ON e.department_id = d.department_id
LEFT JOIN locations l ON d.location_id = l.location_id
WHERE 1=1







) query_ WHERE ROWNUM <= 3) WHERE rnum_ > 0
[2m2025-09-11T21:25:35.060Z[0;39m [32mDEBUG[0;39m [35m2963871[0;39m [2m--- [query-registration-system] [nio-8080-exec-1] [0;39m[36mc.b.o.c.r.e.query.QueryExecutorImpl     [0;39m [2m:[0;39m Parameters: {jobIds=null, employeeIds=null, hiredAfter=null, deptId=null, hiredAfterDays=null, departmentIds=null, minSalary=null}
[2m2025-09-11T21:25:35.060Z[0;39m [32mDEBUG[0;39m [35m2963871[0;39m [2m--- [query-registration-system] [nio-8080-exec-1] [0;39m[36mc.b.o.c.r.e.query.QueryExecutorImpl     [0;39m [2m:[0;39m Executing count query: SELECT COUNT(*) FROM (SELECT
    e.employee_id,
    e.first_name,
    e.last_name,
    e.email,
    e.phone_number,
    e.hire_date,
    e.job_id,
    j.job_title,
    e.salary,
    e.commission_pct,
    e.manager_id,
    m.first_name || ' ' || m.last_name as manager_name,
    e.department_id,
    d.department_name,
    l.city,
    l.country_id
FROM employees e
LEFT JOIN jobs j ON e.job_id = j.job_id
LEFT JOIN employees m ON e.manager_id = m.employee_id
LEFT JOIN departments d ON e.department_id = d.department_id
LEFT JOIN locations l ON d.location_id = l.location_id
WHERE 1=1







) count_query
[2m2025-09-11T21:25:35.064Z[0;39m [32mDEBUG[0;39m [35m2963871[0;39m [2m--- [query-registration-system] [nio-8080-exec-1] [0;39m[36mc.b.o.c.r.engine.query.BaseRowMapper    [0;39m [2m:[0;39m Skipping unselected field: internalDebugInfo
totalCompensation
[2m2025-09-11T21:25:35.064Z[0;39m [32mDEBUG[0;39m [35m2963871[0;39m [2m--- [query-registration-system] [nio-8080-exec-1] [0;39m[36mc.b.o.c.r.engine.query.BaseRowMapper    [0;39m [2m:[0;39m Skipping unselected field: internalDebugInfo
totalCompensation
[2m2025-09-11T21:25:35.064Z[0;39m [32mDEBUG[0;39m [35m2963871[0;39m [2m--- [query-registration-system] [nio-8080-exec-1] [0;39m[36mc.b.o.c.r.engine.query.BaseRowMapper    [0;39m [2m:[0;39m Skipping unselected field: internalDebugInfo
totalCompensation
@@@@@@@@@rowProcessor@@@@@@@@
@@@@@@@@@rowProcessor@@@@@@@@
@@@@@@@@@rowProcessor@@@@@@@@
@@@@@@@@@postProcessor@@@@@@@@
[2m2025-09-11T21:25:41.102Z[0;39m [32m INFO[0;39m [35m2963871[0;39m [2m--- [query-registration-system] [nio-8080-exec-2] [0;39m[36morg.apache.tomcat.util.http.Parameters  [0;39m [2m:[0;39m Character decoding failed. Parameter [filter.jobId.like] with value [%MANAGER%] has been ignored. Note that the name and value quoted here may be corrupted due to the failed decoding. Use debug level logging to see the original, non-corrupted values.
 Note: further occurrences of Parameter errors will be logged at DEBUG level.
[2m2025-09-11T21:25:41.102Z[0;39m [32m INFO[0;39m [35m2963871[0;39m [2m--- [query-registration-system] [nio-8080-exec-2] [0;39m[36mc.b.o.c.r.w.controller.QueryController  [0;39m [2m:[0;39m Executing query: employees with params: {minSalary=[5000], sort=[salary.desc,lastName.asc], _start=[0], _end=[5]}
[2m2025-09-11T21:25:41.102Z[0;39m [32m INFO[0;39m [35m2963871[0;39m [2m--- [query-registration-system] [nio-8080-exec-2] [0;39m[36mc.b.o.c.registry.service.QueryService   [0;39m [2m:[0;39m Executing query: employees with params: {}
@@@@@@@@@preProcessor@@@@@@@@
[2m2025-09-11T21:25:41.102Z[0;39m [32mDEBUG[0;39m [35m2963871[0;39m [2m--- [query-registration-system] [nio-8080-exec-2] [0;39m[36mc.b.o.c.r.e.query.QueryExecutorImpl     [0;39m [2m:[0;39m Executing query 'employees': SELECT * FROM (SELECT query_.*, ROWNUM rnum_ FROM (SELECT
    e.employee_id,
    e.first_name,
    e.last_name,
    e.email,
    e.phone_number,
    e.hire_date,
    e.job_id,
    j.job_title,
    e.salary,
    e.commission_pct,
    e.manager_id,
    m.first_name || ' ' || m.last_name as manager_name,
    e.department_id,
    d.department_name,
    l.city,
    l.country_id
FROM employees e
LEFT JOIN jobs j ON e.job_id = j.job_id
LEFT JOIN employees m ON e.manager_id = m.employee_id
LEFT JOIN departments d ON e.department_id = d.department_id
LEFT JOIN locations l ON d.location_id = l.location_id
WHERE 1=1







) query_ WHERE ROWNUM <= 5) WHERE rnum_ > 0
[2m2025-09-11T21:25:41.102Z[0;39m [32mDEBUG[0;39m [35m2963871[0;39m [2m--- [query-registration-system] [nio-8080-exec-2] [0;39m[36mc.b.o.c.r.e.query.QueryExecutorImpl     [0;39m [2m:[0;39m Parameters: {jobIds=null, employeeIds=null, hiredAfter=null, deptId=null, hiredAfterDays=null, departmentIds=null, minSalary=null}
[2m2025-09-11T21:25:41.102Z[0;39m [32mDEBUG[0;39m [35m2963871[0;39m [2m--- [query-registration-system] [nio-8080-exec-2] [0;39m[36mc.b.o.c.r.e.query.QueryExecutorImpl     [0;39m [2m:[0;39m Executing count query: SELECT COUNT(*) FROM (SELECT
    e.employee_id,
    e.first_name,
    e.last_name,
    e.email,
    e.phone_number,
    e.hire_date,
    e.job_id,
    j.job_title,
    e.salary,
    e.commission_pct,
    e.manager_id,
    m.first_name || ' ' || m.last_name as manager_name,
    e.department_id,
    d.department_name,
    l.city,
    l.country_id
FROM employees e
LEFT JOIN jobs j ON e.job_id = j.job_id
LEFT JOIN employees m ON e.manager_id = m.employee_id
LEFT JOIN departments d ON e.department_id = d.department_id
LEFT JOIN locations l ON d.location_id = l.location_id
WHERE 1=1







) count_query
[2m2025-09-11T21:25:41.106Z[0;39m [32mDEBUG[0;39m [35m2963871[0;39m [2m--- [query-registration-system] [nio-8080-exec-2] [0;39m[36mc.b.o.c.r.engine.query.BaseRowMapper    [0;39m [2m:[0;39m Skipping unselected field: internalDebugInfo
totalCompensation
[2m2025-09-11T21:25:41.106Z[0;39m [32mDEBUG[0;39m [35m2963871[0;39m [2m--- [query-registration-system] [nio-8080-exec-2] [0;39m[36mc.b.o.c.r.engine.query.BaseRowMapper    [0;39m [2m:[0;39m Skipping unselected field: internalDebugInfo
totalCompensation
[2m2025-09-11T21:25:41.106Z[0;39m [32mDEBUG[0;39m [35m2963871[0;39m [2m--- [query-registration-system] [nio-8080-exec-2] [0;39m[36mc.b.o.c.r.engine.query.BaseRowMapper    [0;39m [2m:[0;39m Skipping unselected field: internalDebugInfo
totalCompensation
[2m2025-09-11T21:25:41.107Z[0;39m [32mDEBUG[0;39m [35m2963871[0;39m [2m--- [query-registration-system] [nio-8080-exec-2] [0;39m[36mc.b.o.c.r.engine.query.BaseRowMapper    [0;39m [2m:[0;39m Skipping unselected field: internalDebugInfo
totalCompensation
[2m2025-09-11T21:25:41.107Z[0;39m [32mDEBUG[0;39m [35m2963871[0;39m [2m--- [query-registration-system] [nio-8080-exec-2] [0;39m[36mc.b.o.c.r.engine.query.BaseRowMapper    [0;39m [2m:[0;39m Skipping unselected field: internalDebugInfo
totalCompensation
@@@@@@@@@rowProcessor@@@@@@@@
@@@@@@@@@rowProcessor@@@@@@@@
@@@@@@@@@rowProcessor@@@@@@@@
@@@@@@@@@rowProcessor@@@@@@@@
@@@@@@@@@rowProcessor@@@@@@@@
@@@@@@@@@postProcessor@@@@@@@@
[2m2025-09-11T21:25:46.325Z[0;39m [32m INFO[0;39m [35m2963871[0;39m [2m--- [query-registration-system] [nio-8080-exec-3] [0;39m[36mc.b.o.c.r.w.controller.QueryController  [0;39m [2m:[0;39m Executing query: employees with params: {filter.commissionPct.notnull=[true], _start=[0], _end=[3]}
[2m2025-09-11T21:25:46.326Z[0;39m [32m INFO[0;39m [35m2963871[0;39m [2m--- [query-registration-system] [nio-8080-exec-3] [0;39m[36mc.b.o.c.registry.service.QueryService   [0;39m [2m:[0;39m Executing query: employees with params: {}
@@@@@@@@@preProcessor@@@@@@@@
[2m2025-09-11T21:25:46.326Z[0;39m [32mDEBUG[0;39m [35m2963871[0;39m [2m--- [query-registration-system] [nio-8080-exec-3] [0;39m[36mc.b.o.c.r.e.query.QueryExecutorImpl     [0;39m [2m:[0;39m Executing query 'employees': SELECT * FROM (SELECT query_.*, ROWNUM rnum_ FROM (SELECT * FROM (SELECT
    e.employee_id,
    e.first_name,
    e.last_name,
    e.email,
    e.phone_number,
    e.hire_date,
    e.job_id,
    j.job_title,
    e.salary,
    e.commission_pct,
    e.manager_id,
    m.first_name || ' ' || m.last_name as manager_name,
    e.department_id,
    d.department_name,
    l.city,
    l.country_id
FROM employees e
LEFT JOIN jobs j ON e.job_id = j.job_id
LEFT JOIN employees m ON e.manager_id = m.employee_id
LEFT JOIN departments d ON e.department_id = d.department_id
LEFT JOIN locations l ON d.location_id = l.location_id
WHERE 1=1







) WHERE COMMISSION_PCT IS NOT NULL) query_ WHERE ROWNUM <= 3) WHERE rnum_ > 0
[2m2025-09-11T21:25:46.326Z[0;39m [32mDEBUG[0;39m [35m2963871[0;39m [2m--- [query-registration-system] [nio-8080-exec-3] [0;39m[36mc.b.o.c.r.e.query.QueryExecutorImpl     [0;39m [2m:[0;39m Parameters: {jobIds=null, employeeIds=null, hiredAfter=null, deptId=null, hiredAfterDays=null, departmentIds=null, minSalary=null}
[2m2025-09-11T21:25:46.326Z[0;39m [32mDEBUG[0;39m [35m2963871[0;39m [2m--- [query-registration-system] [nio-8080-exec-3] [0;39m[36mc.b.o.c.r.e.query.QueryExecutorImpl     [0;39m [2m:[0;39m Executing count query: SELECT COUNT(*) FROM (SELECT * FROM (SELECT
    e.employee_id,
    e.first_name,
    e.last_name,
    e.email,
    e.phone_number,
    e.hire_date,
    e.job_id,
    j.job_title,
    e.salary,
    e.commission_pct,
    e.manager_id,
    m.first_name || ' ' || m.last_name as manager_name,
    e.department_id,
    d.department_name,
    l.city,
    l.country_id
FROM employees e
LEFT JOIN jobs j ON e.job_id = j.job_id
LEFT JOIN employees m ON e.manager_id = m.employee_id
LEFT JOIN departments d ON e.department_id = d.department_id
LEFT JOIN locations l ON d.location_id = l.location_id
WHERE 1=1







) WHERE COMMISSION_PCT IS NOT NULL) count_query
[2m2025-09-11T21:25:46.332Z[0;39m [32mDEBUG[0;39m [35m2963871[0;39m [2m--- [query-registration-system] [nio-8080-exec-3] [0;39m[36mc.b.o.c.r.engine.query.BaseRowMapper    [0;39m [2m:[0;39m Skipping unselected field: internalDebugInfo
totalCompensation
[2m2025-09-11T21:25:46.333Z[0;39m [32mDEBUG[0;39m [35m2963871[0;39m [2m--- [query-registration-system] [nio-8080-exec-3] [0;39m[36mc.b.o.c.r.engine.query.BaseRowMapper    [0;39m [2m:[0;39m Skipping unselected field: internalDebugInfo
totalCompensation
[2m2025-09-11T21:25:46.333Z[0;39m [32mDEBUG[0;39m [35m2963871[0;39m [2m--- [query-registration-system] [nio-8080-exec-3] [0;39m[36mc.b.o.c.r.engine.query.BaseRowMapper    [0;39m [2m:[0;39m Skipping unselected field: internalDebugInfo
totalCompensation
@@@@@@@@@rowProcessor@@@@@@@@
@@@@@@@@@rowProcessor@@@@@@@@
@@@@@@@@@rowProcessor@@@@@@@@
@@@@@@@@@postProcessor@@@@@@@@
[2m2025-09-11T21:25:51.792Z[0;39m [32m INFO[0;39m [35m2963871[0;39m [2m--- [query-registration-system] [nio-8080-exec-4] [0;39m[36mc.b.o.c.r.w.controller.QueryController  [0;39m [2m:[0;39m Executing query: employees with params: {filter.hireDate.gte=[2005-01-01], filter.hireDate.lt=[2006-01-01], _start=[0], _end=[5]}
Warning: Multiple filters on attribute 'hireDate'. Only the last one will be applied.
[2m2025-09-11T21:25:51.793Z[0;39m [32m INFO[0;39m [35m2963871[0;39m [2m--- [query-registration-system] [nio-8080-exec-4] [0;39m[36mc.b.o.c.registry.service.QueryService   [0;39m [2m:[0;39m Executing query: employees with params: {}
@@@@@@@@@preProcessor@@@@@@@@
[2m2025-09-11T21:25:51.794Z[0;39m [32mDEBUG[0;39m [35m2963871[0;39m [2m--- [query-registration-system] [nio-8080-exec-4] [0;39m[36mc.b.o.c.r.e.query.QueryExecutorImpl     [0;39m [2m:[0;39m Executing query 'employees': SELECT * FROM (SELECT query_.*, ROWNUM rnum_ FROM (SELECT * FROM (SELECT
    e.employee_id,
    e.first_name,
    e.last_name,
    e.email,
    e.phone_number,
    e.hire_date,
    e.job_id,
    j.job_title,
    e.salary,
    e.commission_pct,
    e.manager_id,
    m.first_name || ' ' || m.last_name as manager_name,
    e.department_id,
    d.department_name,
    l.city,
    l.country_id
FROM employees e
LEFT JOIN jobs j ON e.job_id = j.job_id
LEFT JOIN employees m ON e.manager_id = m.employee_id
LEFT JOIN departments d ON e.department_id = d.department_id
LEFT JOIN locations l ON d.location_id = l.location_id
WHERE 1=1







) WHERE hire_date < :filter_hireDate_0) query_ WHERE ROWNUM <= 5) WHERE rnum_ > 0
[2m2025-09-11T21:25:51.794Z[0;39m [32mDEBUG[0;39m [35m2963871[0;39m [2m--- [query-registration-system] [nio-8080-exec-4] [0;39m[36mc.b.o.c.r.e.query.QueryExecutorImpl     [0;39m [2m:[0;39m Parameters: {jobIds=null, employeeIds=null, hiredAfter=null, deptId=null, hiredAfterDays=null, departmentIds=null, minSalary=null, filter_hireDate_0=2006-01-01}
[2m2025-09-11T21:25:51.794Z[0;39m [32mDEBUG[0;39m [35m2963871[0;39m [2m--- [query-registration-system] [nio-8080-exec-4] [0;39m[36mc.b.o.c.r.e.query.QueryExecutorImpl     [0;39m [2m:[0;39m Executing count query: SELECT COUNT(*) FROM (SELECT * FROM (SELECT
    e.employee_id,
    e.first_name,
    e.last_name,
    e.email,
    e.phone_number,
    e.hire_date,
    e.job_id,
    j.job_title,
    e.salary,
    e.commission_pct,
    e.manager_id,
    m.first_name || ' ' || m.last_name as manager_name,
    e.department_id,
    d.department_name,
    l.city,
    l.country_id
FROM employees e
LEFT JOIN jobs j ON e.job_id = j.job_id
LEFT JOIN employees m ON e.manager_id = m.employee_id
LEFT JOIN departments d ON e.department_id = d.department_id
LEFT JOIN locations l ON d.location_id = l.location_id
WHERE 1=1







) WHERE hire_date < :filter_hireDate_0) count_query
[2m2025-09-11T21:25:51.801Z[0;39m [32mDEBUG[0;39m [35m2963871[0;39m [2m--- [query-registration-system] [nio-8080-exec-4] [0;39m[36mc.b.o.c.r.engine.query.BaseRowMapper    [0;39m [2m:[0;39m Skipping unselected field: internalDebugInfo
totalCompensation
[2m2025-09-11T21:25:51.802Z[0;39m [32mDEBUG[0;39m [35m2963871[0;39m [2m--- [query-registration-system] [nio-8080-exec-4] [0;39m[36mc.b.o.c.r.engine.query.BaseRowMapper    [0;39m [2m:[0;39m Skipping unselected field: internalDebugInfo
totalCompensation
[2m2025-09-11T21:25:51.802Z[0;39m [32mDEBUG[0;39m [35m2963871[0;39m [2m--- [query-registration-system] [nio-8080-exec-4] [0;39m[36mc.b.o.c.r.engine.query.BaseRowMapper    [0;39m [2m:[0;39m Skipping unselected field: internalDebugInfo
totalCompensation
[2m2025-09-11T21:25:51.802Z[0;39m [32mDEBUG[0;39m [35m2963871[0;39m [2m--- [query-registration-system] [nio-8080-exec-4] [0;39m[36mc.b.o.c.r.engine.query.BaseRowMapper    [0;39m [2m:[0;39m Skipping unselected field: internalDebugInfo
totalCompensation
[2m2025-09-11T21:25:51.802Z[0;39m [32mDEBUG[0;39m [35m2963871[0;39m [2m--- [query-registration-system] [nio-8080-exec-4] [0;39m[36mc.b.o.c.r.engine.query.BaseRowMapper    [0;39m [2m:[0;39m Skipping unselected field: internalDebugInfo
totalCompensation
@@@@@@@@@rowProcessor@@@@@@@@
@@@@@@@@@rowProcessor@@@@@@@@
@@@@@@@@@rowProcessor@@@@@@@@
@@@@@@@@@rowProcessor@@@@@@@@
@@@@@@@@@rowProcessor@@@@@@@@
@@@@@@@@@postProcessor@@@@@@@@
[2m2025-09-11T21:25:56.866Z[0;39m [32m INFO[0;39m [35m2963871[0;39m [2m--- [query-registration-system] [nio-8080-exec-5] [0;39m[36mc.b.o.c.r.w.controller.QueryController  [0;39m [2m:[0;39m Executing query: invalidQuery with params: {}
[2m2025-09-11T21:25:56.867Z[0;39m [31mERROR[0;39m [35m2963871[0;39m [2m--- [query-registration-system] [nio-8080-exec-5] [0;39m[36mc.b.o.c.r.w.controller.QueryController  [0;39m [2m:[0;39m Query not found: invalidQuery
[2m2025-09-11T21:26:01.450Z[0;39m [32m INFO[0;39m [35m2963871[0;39m [2m--- [query-registration-system] [nio-8080-exec-6] [0;39m[36mc.b.o.c.r.w.controller.QueryController  [0;39m [2m:[0;39m Executing query: employees with params: {filter.invalidField=[test]}
[2m2025-09-11T21:26:01.450Z[0;39m [32m INFO[0;39m [35m2963871[0;39m [2m--- [query-registration-system] [nio-8080-exec-6] [0;39m[36mc.b.o.c.registry.service.QueryService   [0;39m [2m:[0;39m Executing query: employees with params: {}
[2m2025-09-11T21:26:01.451Z[0;39m [31mERROR[0;39m [35m2963871[0;39m [2m--- [query-registration-system] [nio-8080-exec-6] [0;39m[36mc.b.o.c.r.w.controller.QueryController  [0;39m [2m:[0;39m Query execution failed: Unknown attribute for filter: invalidField
[2m2025-09-11T21:26:06.377Z[0;39m [32m INFO[0;39m [35m2963871[0;39m [2m--- [query-registration-system] [nio-8080-exec-7] [0;39m[36mc.b.o.c.r.w.controller.QueryController  [0;39m [2m:[0;39m Executing query: employees with params: {_start=[0], _end=[1], _meta=[minimal]}
[2m2025-09-11T21:26:06.377Z[0;39m [32m INFO[0;39m [35m2963871[0;39m [2m--- [query-registration-system] [nio-8080-exec-7] [0;39m[36mc.b.o.c.registry.service.QueryService   [0;39m [2m:[0;39m Executing query: employees with params: {}
@@@@@@@@@preProcessor@@@@@@@@
[2m2025-09-11T21:26:06.377Z[0;39m [32mDEBUG[0;39m [35m2963871[0;39m [2m--- [query-registration-system] [nio-8080-exec-7] [0;39m[36mc.b.o.c.r.e.query.QueryExecutorImpl     [0;39m [2m:[0;39m Executing query 'employees': SELECT * FROM (SELECT query_.*, ROWNUM rnum_ FROM (SELECT
    e.employee_id,
    e.first_name,
    e.last_name,
    e.email,
    e.phone_number,
    e.hire_date,
    e.job_id,
    j.job_title,
    e.salary,
    e.commission_pct,
    e.manager_id,
    m.first_name || ' ' || m.last_name as manager_name,
    e.department_id,
    d.department_name,
    l.city,
    l.country_id
FROM employees e
LEFT JOIN jobs j ON e.job_id = j.job_id
LEFT JOIN employees m ON e.manager_id = m.employee_id
LEFT JOIN departments d ON e.department_id = d.department_id
LEFT JOIN locations l ON d.location_id = l.location_id
WHERE 1=1







) query_ WHERE ROWNUM <= 1) WHERE rnum_ > 0
[2m2025-09-11T21:26:06.377Z[0;39m [32mDEBUG[0;39m [35m2963871[0;39m [2m--- [query-registration-system] [nio-8080-exec-7] [0;39m[36mc.b.o.c.r.e.query.QueryExecutorImpl     [0;39m [2m:[0;39m Parameters: {jobIds=null, employeeIds=null, hiredAfter=null, deptId=null, hiredAfterDays=null, departmentIds=null, minSalary=null}
[2m2025-09-11T21:26:06.377Z[0;39m [32mDEBUG[0;39m [35m2963871[0;39m [2m--- [query-registration-system] [nio-8080-exec-7] [0;39m[36mc.b.o.c.r.e.query.QueryExecutorImpl     [0;39m [2m:[0;39m Executing count query: SELECT COUNT(*) FROM (SELECT
    e.employee_id,
    e.first_name,
    e.last_name,
    e.email,
    e.phone_number,
    e.hire_date,
    e.job_id,
    j.job_title,
    e.salary,
    e.commission_pct,
    e.manager_id,
    m.first_name || ' ' || m.last_name as manager_name,
    e.department_id,
    d.department_name,
    l.city,
    l.country_id
FROM employees e
LEFT JOIN jobs j ON e.job_id = j.job_id
LEFT JOIN employees m ON e.manager_id = m.employee_id
LEFT JOIN departments d ON e.department_id = d.department_id
LEFT JOIN locations l ON d.location_id = l.location_id
WHERE 1=1







) count_query
[2m2025-09-11T21:26:06.381Z[0;39m [32mDEBUG[0;39m [35m2963871[0;39m [2m--- [query-registration-system] [nio-8080-exec-7] [0;39m[36mc.b.o.c.r.engine.query.BaseRowMapper    [0;39m [2m:[0;39m Skipping unselected field: internalDebugInfo
totalCompensation
@@@@@@@@@rowProcessor@@@@@@@@
@@@@@@@@@postProcessor@@@@@@@@
[2m2025-09-11T21:26:11.161Z[0;39m [32m INFO[0;39m [35m2963871[0;39m [2m--- [query-registration-system] [nio-8080-exec-9] [0;39m[36mc.b.o.c.r.w.controller.QueryController  [0;39m [2m:[0;39m Executing query: employees with params: {_start=[0], _end=[1], _meta=[none]}
[2m2025-09-11T21:26:11.161Z[0;39m [32m INFO[0;39m [35m2963871[0;39m [2m--- [query-registration-system] [nio-8080-exec-9] [0;39m[36mc.b.o.c.registry.service.QueryService   [0;39m [2m:[0;39m Executing query: employees with params: {}
@@@@@@@@@preProcessor@@@@@@@@
[2m2025-09-11T21:26:11.161Z[0;39m [32mDEBUG[0;39m [35m2963871[0;39m [2m--- [query-registration-system] [nio-8080-exec-9] [0;39m[36mc.b.o.c.r.e.query.QueryExecutorImpl     [0;39m [2m:[0;39m Executing query 'employees': SELECT * FROM (SELECT query_.*, ROWNUM rnum_ FROM (SELECT
    e.employee_id,
    e.first_name,
    e.last_name,
    e.email,
    e.phone_number,
    e.hire_date,
    e.job_id,
    j.job_title,
    e.salary,
    e.commission_pct,
    e.manager_id,
    m.first_name || ' ' || m.last_name as manager_name,
    e.department_id,
    d.department_name,
    l.city,
    l.country_id
FROM employees e
LEFT JOIN jobs j ON e.job_id = j.job_id
LEFT JOIN employees m ON e.manager_id = m.employee_id
LEFT JOIN departments d ON e.department_id = d.department_id
LEFT JOIN locations l ON d.location_id = l.location_id
WHERE 1=1







) query_ WHERE ROWNUM <= 1) WHERE rnum_ > 0
[2m2025-09-11T21:26:11.161Z[0;39m [32mDEBUG[0;39m [35m2963871[0;39m [2m--- [query-registration-system] [nio-8080-exec-9] [0;39m[36mc.b.o.c.r.e.query.QueryExecutorImpl     [0;39m [2m:[0;39m Parameters: {jobIds=null, employeeIds=null, hiredAfter=null, deptId=null, hiredAfterDays=null, departmentIds=null, minSalary=null}
[2m2025-09-11T21:26:11.161Z[0;39m [32mDEBUG[0;39m [35m2963871[0;39m [2m--- [query-registration-system] [nio-8080-exec-9] [0;39m[36mc.b.o.c.r.e.query.QueryExecutorImpl     [0;39m [2m:[0;39m Executing count query: SELECT COUNT(*) FROM (SELECT
    e.employee_id,
    e.first_name,
    e.last_name,
    e.email,
    e.phone_number,
    e.hire_date,
    e.job_id,
    j.job_title,
    e.salary,
    e.commission_pct,
    e.manager_id,
    m.first_name || ' ' || m.last_name as manager_name,
    e.department_id,
    d.department_name,
    l.city,
    l.country_id
FROM employees e
LEFT JOIN jobs j ON e.job_id = j.job_id
LEFT JOIN employees m ON e.manager_id = m.employee_id
LEFT JOIN departments d ON e.department_id = d.department_id
LEFT JOIN locations l ON d.location_id = l.location_id
WHERE 1=1







) count_query
[2m2025-09-11T21:26:11.163Z[0;39m [32mDEBUG[0;39m [35m2963871[0;39m [2m--- [query-registration-system] [nio-8080-exec-9] [0;39m[36mc.b.o.c.r.engine.query.BaseRowMapper    [0;39m [2m:[0;39m Skipping unselected field: internalDebugInfo
totalCompensation
@@@@@@@@@rowProcessor@@@@@@@@
@@@@@@@@@postProcessor@@@@@@@@
[2m2025-09-11T21:56:19.635Z[0;39m [32m INFO[0;39m [35m2963871[0;39m [2m--- [query-registration-system] [nio-8080-exec-2] [0;39m[36mo.apache.coyote.http11.Http11Processor  [0;39m [2m:[0;39m Error parsing HTTP request header
 Note: further occurrences of HTTP request parsing errors will be logged at DEBUG level.

java.lang.IllegalArgumentException: Invalid character found in method name [0;sh+/tmp/gpon8080&ipv=0...]. HTTP method names must be tokens
	at org.apache.coyote.http11.Http11InputBuffer.parseRequestLine(Http11InputBuffer.java:403) ~[tomcat-embed-core-10.1.44.jar:10.1.44]
	at org.apache.coyote.http11.Http11Processor.service(Http11Processor.java:271) ~[tomcat-embed-core-10.1.44.jar:10.1.44]
	at org.apache.coyote.AbstractProcessorLight.process(AbstractProcessorLight.java:63) ~[tomcat-embed-core-10.1.44.jar:10.1.44]
	at org.apache.coyote.AbstractProtocol$ConnectionHandler.process(AbstractProtocol.java:903) ~[tomcat-embed-core-10.1.44.jar:10.1.44]
	at org.apache.tomcat.util.net.NioEndpoint$SocketProcessor.doRun(NioEndpoint.java:1769) ~[tomcat-embed-core-10.1.44.jar:10.1.44]
	at org.apache.tomcat.util.net.SocketProcessorBase.run(SocketProcessorBase.java:52) ~[tomcat-embed-core-10.1.44.jar:10.1.44]
	at org.apache.tomcat.util.threads.ThreadPoolExecutor.runWorker(ThreadPoolExecutor.java:1189) ~[tomcat-embed-core-10.1.44.jar:10.1.44]
	at org.apache.tomcat.util.threads.ThreadPoolExecutor$Worker.run(ThreadPoolExecutor.java:658) ~[tomcat-embed-core-10.1.44.jar:10.1.44]
	at org.apache.tomcat.util.threads.TaskThread$WrappingRunnable.run(TaskThread.java:63) ~[tomcat-embed-core-10.1.44.jar:10.1.44]
	at java.base/java.lang.Thread.run(Thread.java:1583) ~[na:na]

[INFO] ------------------------------------------------------------------------
[INFO] BUILD FAILURE
[INFO] ------------------------------------------------------------------------
[INFO] Total time:  54:52 min
[INFO] Finished at: 2025-09-11T22:16:17Z
[INFO] ------------------------------------------------------------------------
[ERROR] Failed to execute goal org.springframework.boot:spring-boot-maven-plugin:3.5.5:run (default-cli) on project query-registry: Process terminated with exit code: 137 -> [Help 1]
[ERROR] 
[ERROR] To see the full stack trace of the errors, re-run Maven with the -e switch.
[ERROR] Re-run Maven using the -X switch to enable full debug logging.
[ERROR] 
[ERROR] For more information about the errors and possible solutions, please read the following articles:
[ERROR] [Help 1] http://cwiki.apache.org/confluence/display/MAVEN/MojoExecutionException
